-------------------------------------------------------------------------------
Test set: testRunner.TestRunner
-------------------------------------------------------------------------------
Tests run: 9, Failures: 0, Errors: 1, Skipped: 0, Time elapsed: 138.6 s <<< FAILURE! -- in testRunner.TestRunner
testRunner.TestRunner -- Time elapsed: 24.04 s <<< ERROR!
java.lang.IllegalStateException: 
java.io.IOException: HTTP request failed:
> PUT https://cucumber-messages-app-s3bucket-61aropwgu4ox.s3.eu-west-3.amazonaws.com/reports/5bfb4dc0-7579-42da-9dea-4510534f4082?X-Amz-Algorithm=AWS4-HMAC-SHA256&X-Amz-Credential=ASIAWE4HTFKNYJIPS5DX%2F20240730%2Feu-west-3%2Fs3%2Faws4_request&X-Amz-Date=20240730T081509Z&X-Amz-Expires=900&X-Amz-Security-Token=IQoJb3JpZ2luX2VjEFcaCWV1LXdlc3QtMyJHMEUCIB9PboaDVPzhOPcBaGu1pQBE5sgVOkC7b%2B%2FoVYlzTeS7AiEA19VxfEHYQA%2Ffb2pwxsXmrIy0LwHYLV%2FYlmMhpLRPWTsqvQMIQBADGgw0MjI4MDE3NzkzNTUiDJtSefLGbSOkELHxHyqaA5hP7m4r2qXwlnYkJsRWDS%2BePUGx3tK6zDL4y6w7xKtLJrm0IavLQ%2FMPB0%2F%2FS7uv0%2FI6SVCoYnMDcfLbq8Sfz7LDAYGDNWYVAcUBklbQRXi%2Ff6eranfbU9ftILobCeWUdiM2P7aUoP2YefrqK8tURUekIRclYIOST%2FZTEriXH9uodNl%2BlOektTYXlnkGwLR7%2Bz50TVZqJSy5UuRhCLlbhW5RRDctH6COCV2cuQ%2Bg9V%2FB0%2Fwwf%2FjMGvMmLpNQrrzhCyfWg5wy%2F0fTNbOC9yaQcc%2F2JVnMXNoekK2YzfcWB7utnW3jDj9afE3x%2Bqv4bPlI5HGiei0W3f03sYtdOZQQRS0VXT2fGDVqzSjdxM7MCQda0lW8EcA3pJdQYM3hlnSv%2Fgmwhu2mVa9d9bsEtqloFOypHuStucddNqgfygvPyDCTAPE%2FyrD8LJstnf0vszOi17An2ApfKmcvQsEBgN%2FNAJY11OtiBC0QHwsT5JCFFpncR%2BrQe4ZYmwRRcDZ%2BmmfJQCKjHZf2%2BrPLUJg%2BJihJEmufVm4UB52fH%2B2FMKuiorUGOp4Buq1QdeAHNRtoOom5138lH%2BHOpiRvMrrhvFiRIgmZboJdSCVFhzld9XSlPhfAuyr8sjiPvTwatKwUvBrHv0z9PjumAS1yLEmIEMI2T4t2CRYlO1Sbo2zwEWr1KXixZKlyT%2B5A5Z4%2F6c%2B5z14LVassoKnjXEuuzx2gkKbltHs4d6f7nKnITyUCzkQdOh4Hun2YRumajXnCXeIyJwMhDvM%3D&X-Amz-Signature=cbf56fb45f5950e97224430600627614f350e55a703d9cdba0da64461546eff0&X-Amz-SignedHeaders=host


	at io.cucumber.core.plugin.MessageFormatter.write(MessageFormatter.java:37)
	at io.cucumber.core.eventbus.AbstractEventPublisher.send(AbstractEventPublisher.java:51)
	at io.cucumber.core.eventbus.AbstractEventBus.send(AbstractEventBus.java:12)
	at io.cucumber.core.runtime.SynchronizedEventBus.send(SynchronizedEventBus.java:47)
	at io.cucumber.core.runtime.CucumberExecutionContext.emitTestRunFinished(CucumberExecutionContext.java:124)
	at io.cucumber.core.runtime.CucumberExecutionContext.finishTestRun(CucumberExecutionContext.java:104)
	at io.cucumber.core.runtime.CucumberExecutionContext.runFeatures(CucumberExecutionContext.java:152)
	at io.cucumber.junit.Cucumber$StartAndFinishTestRun.evaluate(Cucumber.java:226)
	at org.junit.runners.ParentRunner$3.evaluate(ParentRunner.java:306)
	at org.junit.runners.ParentRunner.run(ParentRunner.java:413)
	at org.apache.maven.surefire.junit4.JUnit4Provider.execute(JUnit4Provider.java:316)
	at org.apache.maven.surefire.junit4.JUnit4Provider.executeWithRerun(JUnit4Provider.java:240)
	at org.apache.maven.surefire.junit4.JUnit4Provider.executeTestSet(JUnit4Provider.java:214)
	at org.apache.maven.surefire.junit4.JUnit4Provider.invoke(JUnit4Provider.java:155)
	at org.apache.maven.surefire.booter.ForkedBooter.runSuitesInProcess(ForkedBooter.java:385)
	at org.apache.maven.surefire.booter.ForkedBooter.execute(ForkedBooter.java:162)
	at org.apache.maven.surefire.booter.ForkedBooter.run(ForkedBooter.java:507)
	at org.apache.maven.surefire.booter.ForkedBooter.main(ForkedBooter.java:495)
Caused by: java.io.IOException: HTTP request failed:
> PUT https://cucumber-messages-app-s3bucket-61aropwgu4ox.s3.eu-west-3.amazonaws.com/reports/5bfb4dc0-7579-42da-9dea-4510534f4082?X-Amz-Algorithm=AWS4-HMAC-SHA256&X-Amz-Credential=ASIAWE4HTFKNYJIPS5DX%2F20240730%2Feu-west-3%2Fs3%2Faws4_request&X-Amz-Date=20240730T081509Z&X-Amz-Expires=900&X-Amz-Security-Token=IQoJb3JpZ2luX2VjEFcaCWV1LXdlc3QtMyJHMEUCIB9PboaDVPzhOPcBaGu1pQBE5sgVOkC7b%2B%2FoVYlzTeS7AiEA19VxfEHYQA%2Ffb2pwxsXmrIy0LwHYLV%2FYlmMhpLRPWTsqvQMIQBADGgw0MjI4MDE3NzkzNTUiDJtSefLGbSOkELHxHyqaA5hP7m4r2qXwlnYkJsRWDS%2BePUGx3tK6zDL4y6w7xKtLJrm0IavLQ%2FMPB0%2F%2FS7uv0%2FI6SVCoYnMDcfLbq8Sfz7LDAYGDNWYVAcUBklbQRXi%2Ff6eranfbU9ftILobCeWUdiM2P7aUoP2YefrqK8tURUekIRclYIOST%2FZTEriXH9uodNl%2BlOektTYXlnkGwLR7%2Bz50TVZqJSy5UuRhCLlbhW5RRDctH6COCV2cuQ%2Bg9V%2FB0%2Fwwf%2FjMGvMmLpNQrrzhCyfWg5wy%2F0fTNbOC9yaQcc%2F2JVnMXNoekK2YzfcWB7utnW3jDj9afE3x%2Bqv4bPlI5HGiei0W3f03sYtdOZQQRS0VXT2fGDVqzSjdxM7MCQda0lW8EcA3pJdQYM3hlnSv%2Fgmwhu2mVa9d9bsEtqloFOypHuStucddNqgfygvPyDCTAPE%2FyrD8LJstnf0vszOi17An2ApfKmcvQsEBgN%2FNAJY11OtiBC0QHwsT5JCFFpncR%2BrQe4ZYmwRRcDZ%2BmmfJQCKjHZf2%2BrPLUJg%2BJihJEmufVm4UB52fH%2B2FMKuiorUGOp4Buq1QdeAHNRtoOom5138lH%2BHOpiRvMrrhvFiRIgmZboJdSCVFhzld9XSlPhfAuyr8sjiPvTwatKwUvBrHv0z9PjumAS1yLEmIEMI2T4t2CRYlO1Sbo2zwEWr1KXixZKlyT%2B5A5Z4%2F6c%2B5z14LVassoKnjXEuuzx2gkKbltHs4d6f7nKnITyUCzkQdOh4Hun2YRumajXnCXeIyJwMhDvM%3D&X-Amz-Signature=cbf56fb45f5950e97224430600627614f350e55a703d9cdba0da64461546eff0&X-Amz-SignedHeaders=host


	at io.cucumber.core.plugin.UrlOutputStream.createCurlLikeException(UrlOutputStream.java:150)
	at io.cucumber.core.plugin.UrlOutputStream.sendRequestBody(UrlOutputStream.java:116)
	at io.cucumber.core.plugin.UrlOutputStream.sendRequest(UrlOutputStream.java:94)
	at io.cucumber.core.plugin.UrlOutputStream.sendRequest(UrlOutputStream.java:90)
	at io.cucumber.core.plugin.UrlOutputStream.close(UrlOutputStream.java:65)
	at java.base/sun.nio.cs.StreamEncoder.implClose(StreamEncoder.java:439)
	at java.base/sun.nio.cs.StreamEncoder.lockedClose(StreamEncoder.java:237)
	at java.base/sun.nio.cs.StreamEncoder.close(StreamEncoder.java:222)
	at java.base/java.io.OutputStreamWriter.close(OutputStreamWriter.java:266)
	at io.cucumber.messages.MessageToNdjsonWriter.close(MessageToNdjsonWriter.java:40)
	at io.cucumber.core.plugin.MessageFormatter.write(MessageFormatter.java:35)
	... 17 more
Caused by: java.net.UnknownHostException: cucumber-messages-app-s3bucket-61aropwgu4ox.s3.eu-west-3.amazonaws.com
	at java.base/sun.nio.ch.NioSocketImpl.connect(NioSocketImpl.java:567)
	at java.base/java.net.SocksSocketImpl.connect(SocksSocketImpl.java:327)
	at java.base/java.net.Socket.connect(Socket.java:751)
	at java.base/sun.security.ssl.SSLSocketImpl.connect(SSLSocketImpl.java:304)
	at java.base/sun.security.ssl.BaseSSLSocketImpl.connect(BaseSSLSocketImpl.java:181)
	at java.base/sun.net.NetworkClient.doConnect(NetworkClient.java:183)
	at java.base/sun.net.www.http.HttpClient.openServer(HttpClient.java:531)
	at java.base/sun.net.www.http.HttpClient.openServer(HttpClient.java:636)
	at java.base/sun.net.www.protocol.https.HttpsClient.<init>(HttpsClient.java:264)
	at java.base/sun.net.www.protocol.https.HttpsClient.New(HttpsClient.java:377)
	at java.base/sun.net.www.protocol.https.AbstractDelegateHttpsURLConnection.getNewHttpClient(AbstractDelegateHttpsURLConnection.java:193)
	at java.base/sun.net.www.protocol.http.HttpURLConnection.plainConnect0(HttpURLConnection.java:1282)
	at java.base/sun.net.www.protocol.http.HttpURLConnection.plainConnect(HttpURLConnection.java:1123)
	at java.base/sun.net.www.protocol.https.AbstractDelegateHttpsURLConnection.connect(AbstractDelegateHttpsURLConnection.java:179)
	at java.base/sun.net.www.protocol.http.HttpURLConnection.getOutputStream0(HttpURLConnection.java:1446)
	at java.base/sun.net.www.protocol.http.HttpURLConnection.getOutputStream(HttpURLConnection.java:1417)
	at java.base/sun.net.www.protocol.https.HttpsURLConnectionImpl.getOutputStream(HttpsURLConnectionImpl.java:219)
	at io.cucumber.core.plugin.UrlOutputStream.sendRequestBody(UrlOutputStream.java:111)
	... 26 more

