<?xml version="1.0" encoding="UTF-8"?>
<testsuite xmlns:xsi="http://www.w3.org/2001/XMLSchema-instance" xsi:noNamespaceSchemaLocation="https://maven.apache.org/surefire/maven-surefire-plugin/xsd/surefire-test-report-3.0.xsd" version="3.0" name="testRunner.TestRunner" time="138.649" tests="9" errors="1" skipped="0" failures="0">
  <properties>
[...]
</properties>
  <testcase name="Verify contact us functionality" classname="Contact us form" time="19.918">
    <system-out><![CDATA[
Scenario: Verify contact us functionality                                                        # Features/ContactUs.feature:2
  Given User navigate to contact us page                                                         # stepDefinations.ContactUsSteps.user_navigate_to_contact_us_page()
  Then verify the GET IN TOUCH text                                                              # stepDefinations.ContactUsSteps.verify_the_get_in_touch_text()
  When User Enter name, email, subject and message                                               # stepDefinations.ContactUsSteps.user_enter_name_email_subject_and_message()
  And Upload file and clicks submit                                                              # stepDefinations.ContactUsSteps.upload_file_and_clicks_submit()
  Then Verify success message Success! Your details have been submitted successfully. is visible # stepDefinations.ContactUsSteps.verify_success_message_success_your_details_have_been_submitted_successfully_is_visible()
  When User Click Home button                                                                    # stepDefinations.ContactUsSteps.clickHome()
  Then verify that landed to home page successfully                                              # stepDefinations.ContactUsSteps.verify_that_landed_to_home_page_successfully()
]]></system-out>
    <system-err><![CDATA[Jul 29, 2024 1:42:45 PM org.openqa.selenium.remote.http.WebSocket$Listener onError
WARNING: Connection reset
java.net.SocketException: Connection reset
	at java.base/sun.nio.ch.SocketChannelImpl.throwConnectionReset(SocketChannelImpl.java:401)
	at java.base/sun.nio.ch.SocketChannelImpl.read(SocketChannelImpl.java:434)
	at java.net.http/jdk.internal.net.http.SocketTube.readAvailable(SocketTube.java:1178)
	at java.net.http/jdk.internal.net.http.SocketTube$InternalReadPublisher$InternalReadSubscription.read(SocketTube.java:841)
	at java.net.http/jdk.internal.net.http.SocketTube$SocketFlowTask.run(SocketTube.java:181)
	at java.net.http/jdk.internal.net.http.common.SequentialScheduler$SchedulableTask.run(SequentialScheduler.java:207)
	at java.net.http/jdk.internal.net.http.common.SequentialScheduler.runOrSchedule(SequentialScheduler.java:280)
	at java.net.http/jdk.internal.net.http.common.SequentialScheduler.runOrSchedule(SequentialScheduler.java:233)
	at java.net.http/jdk.internal.net.http.SocketTube$InternalReadPublisher$InternalReadSubscription.signalReadable(SocketTube.java:782)
	at java.net.http/jdk.internal.net.http.SocketTube$InternalReadPublisher$ReadEvent.signalEvent(SocketTube.java:965)
	at java.net.http/jdk.internal.net.http.SocketTube$SocketFlowEvent.handle(SocketTube.java:253)
	at java.net.http/jdk.internal.net.http.HttpClientImpl$SelectorManager.handleEvent(HttpClientImpl.java:1467)
	at java.net.http/jdk.internal.net.http.HttpClientImpl$SelectorManager.lambda$run$3(HttpClientImpl.java:1412)
	at java.base/java.util.ArrayList.forEach(ArrayList.java:1596)
	at java.net.http/jdk.internal.net.http.HttpClientImpl$SelectorManager.run(HttpClientImpl.java:1412)

]]></system-err>
  </testcase>
  <testcase name="Verify subscription in home page" classname="Home page features" time="9.443">
    <system-out><![CDATA[
Scenario: Verify subscription in home page                                     # Features/HomePage.feature:3
Page Title is: Automation Exercise
  Given user is on Homepage                                                    # stepDefinations.HomePageSteps.userIsOnHomepage()
  When Scroll down to footer                                                   # stepDefinations.HomePageSteps.scrollToSubscription()
  And Enter email address in input                                             # stepDefinations.HomePageSteps.setSbscribeEmail()
  Then Verify text SUBSCRIPTION and click arrow button                         # stepDefinations.HomePageSteps.verifySubscription()
  And Verify success message You have been successfully subscribed! is visible # stepDefinations.HomePageSteps.verifySuccessMessage()
]]></system-out>
    <system-err><![CDATA[Jul 29, 2024 1:42:54 PM org.openqa.selenium.remote.http.WebSocket$Listener onError
WARNING: Connection reset
java.net.SocketException: Connection reset
	at java.base/sun.nio.ch.SocketChannelImpl.throwConnectionReset(SocketChannelImpl.java:401)
	at java.base/sun.nio.ch.SocketChannelImpl.read(SocketChannelImpl.java:434)
	at java.net.http/jdk.internal.net.http.SocketTube.readAvailable(SocketTube.java:1178)
	at java.net.http/jdk.internal.net.http.SocketTube$InternalReadPublisher$InternalReadSubscription.read(SocketTube.java:841)
	at java.net.http/jdk.internal.net.http.SocketTube$SocketFlowTask.run(SocketTube.java:181)
	at java.net.http/jdk.internal.net.http.common.SequentialScheduler$SchedulableTask.run(SequentialScheduler.java:207)
	at java.net.http/jdk.internal.net.http.common.SequentialScheduler.runOrSchedule(SequentialScheduler.java:280)
	at java.net.http/jdk.internal.net.http.common.SequentialScheduler.runOrSchedule(SequentialScheduler.java:233)
	at java.net.http/jdk.internal.net.http.SocketTube$InternalReadPublisher$InternalReadSubscription.signalReadable(SocketTube.java:782)
	at java.net.http/jdk.internal.net.http.SocketTube$InternalReadPublisher$ReadEvent.signalEvent(SocketTube.java:965)
	at java.net.http/jdk.internal.net.http.SocketTube$SocketFlowEvent.handle(SocketTube.java:253)
	at java.net.http/jdk.internal.net.http.HttpClientImpl$SelectorManager.handleEvent(HttpClientImpl.java:1467)
	at java.net.http/jdk.internal.net.http.HttpClientImpl$SelectorManager.lambda$run$3(HttpClientImpl.java:1412)
	at java.base/java.util.ArrayList.forEach(ArrayList.java:1596)
	at java.net.http/jdk.internal.net.http.HttpClientImpl$SelectorManager.run(HttpClientImpl.java:1412)

]]></system-err>
  </testcase>
  <testcase name="Log in with valid credentials" classname="Log in" time="16.529">
    <system-out><![CDATA[
@sanity @regression
Scenario: Log in with valid credentials                               # Features/Login.feature:4
  Given The user navigate to login page                               # stepDefinations.LoginSteps.the_user_navigate_to_login_page()
  When user enter email as "aks@gmail.com" and password as "@Kshay12" # stepDefinations.LoginSteps.user_enter_email_as_and_password_as(java.lang.String,java.lang.String)
  And user clicks on log in                                           # stepDefinations.LoginSteps.user_clicks_on_log_in()
  Then logged in username should be displayed and click on logout     # stepDefinations.LoginSteps.logged_in_username_should_be_displayed()
]]></system-out>
    <system-err><![CDATA[Jul 29, 2024 1:43:11 PM org.openqa.selenium.remote.http.WebSocket$Listener onError
WARNING: Connection reset
java.net.SocketException: Connection reset
	at java.base/sun.nio.ch.SocketChannelImpl.throwConnectionReset(SocketChannelImpl.java:401)
	at java.base/sun.nio.ch.SocketChannelImpl.read(SocketChannelImpl.java:434)
	at java.net.http/jdk.internal.net.http.SocketTube.readAvailable(SocketTube.java:1178)
	at java.net.http/jdk.internal.net.http.SocketTube$InternalReadPublisher$InternalReadSubscription.read(SocketTube.java:841)
	at java.net.http/jdk.internal.net.http.SocketTube$SocketFlowTask.run(SocketTube.java:181)
	at java.net.http/jdk.internal.net.http.common.SequentialScheduler$SchedulableTask.run(SequentialScheduler.java:207)
	at java.net.http/jdk.internal.net.http.common.SequentialScheduler.runOrSchedule(SequentialScheduler.java:280)
	at java.net.http/jdk.internal.net.http.common.SequentialScheduler.runOrSchedule(SequentialScheduler.java:233)
	at java.net.http/jdk.internal.net.http.SocketTube$InternalReadPublisher$InternalReadSubscription.signalReadable(SocketTube.java:782)
	at java.net.http/jdk.internal.net.http.SocketTube$InternalReadPublisher$ReadEvent.signalEvent(SocketTube.java:965)
	at java.net.http/jdk.internal.net.http.SocketTube$SocketFlowEvent.handle(SocketTube.java:253)
	at java.net.http/jdk.internal.net.http.HttpClientImpl$SelectorManager.handleEvent(HttpClientImpl.java:1467)
	at java.net.http/jdk.internal.net.http.HttpClientImpl$SelectorManager.lambda$run$3(HttpClientImpl.java:1412)
	at java.base/java.util.ArrayList.forEach(ArrayList.java:1596)
	at java.net.http/jdk.internal.net.http.HttpClientImpl$SelectorManager.run(HttpClientImpl.java:1412)

]]></system-err>
  </testcase>
  <testcase name="Verify all products and products details page" classname="products features" time="15.517">
    <system-out><![CDATA[
Scenario: Verify all products and products details page           # Features/Products.feature:3
  Given User navigate to products page                            # stepDefinations.ProductsSteps.navigateToProductsPage()
  Then Verify user is navigated to ALL PRODUCTS page successfully # stepDefinations.ProductsSteps.verifyAllProductsPage()
  And Product list should be visible to user                      # stepDefinations.ProductsSteps.isProductListVisible()
  When User clicks on the view product of the first product       # stepDefinations.ProductsSteps.clicksOnTheViewProductOfFirstProduct()
  Then User should be landed on the product details page          # stepDefinations.ProductsSteps.isNavigatedOnTheProductDetailsPage()
  And User should see the product details are visible             # stepDefinations.ProductsSteps.verifyProductDetails(io.cucumber.datatable.DataTable)
    | Value                  |
    | Category: Women > Tops |
    | Availability: In Stock |
    | Condition: New         |
    | Brand: Polo            |
]]></system-out>
    <system-err><![CDATA[Jul 29, 2024 1:43:27 PM org.openqa.selenium.remote.http.WebSocket$Listener onError
WARNING: Connection reset
java.net.SocketException: Connection reset
	at java.base/sun.nio.ch.SocketChannelImpl.throwConnectionReset(SocketChannelImpl.java:401)
	at java.base/sun.nio.ch.SocketChannelImpl.read(SocketChannelImpl.java:434)
	at java.net.http/jdk.internal.net.http.SocketTube.readAvailable(SocketTube.java:1178)
	at java.net.http/jdk.internal.net.http.SocketTube$InternalReadPublisher$InternalReadSubscription.read(SocketTube.java:841)
	at java.net.http/jdk.internal.net.http.SocketTube$SocketFlowTask.run(SocketTube.java:181)
	at java.net.http/jdk.internal.net.http.common.SequentialScheduler$SchedulableTask.run(SequentialScheduler.java:207)
	at java.net.http/jdk.internal.net.http.common.SequentialScheduler.runOrSchedule(SequentialScheduler.java:280)
	at java.net.http/jdk.internal.net.http.common.SequentialScheduler.runOrSchedule(SequentialScheduler.java:233)
	at java.net.http/jdk.internal.net.http.SocketTube$InternalReadPublisher$InternalReadSubscription.signalReadable(SocketTube.java:782)
	at java.net.http/jdk.internal.net.http.SocketTube$InternalReadPublisher$ReadEvent.signalEvent(SocketTube.java:965)
	at java.net.http/jdk.internal.net.http.SocketTube$SocketFlowEvent.handle(SocketTube.java:253)
	at java.net.http/jdk.internal.net.http.HttpClientImpl$SelectorManager.handleEvent(HttpClientImpl.java:1467)
	at java.net.http/jdk.internal.net.http.HttpClientImpl$SelectorManager.lambda$run$3(HttpClientImpl.java:1412)
	at java.base/java.util.ArrayList.forEach(ArrayList.java:1596)
	at java.net.http/jdk.internal.net.http.HttpClientImpl$SelectorManager.run(HttpClientImpl.java:1412)

]]></system-err>
  </testcase>
  <testcase name="Verify search product functionality" classname="products features" time="13.153">
    <system-out><![CDATA[
Scenario: Verify search product functionality                                       # Features/Products.feature:16
  Given User navigate to products page                                              # stepDefinations.ProductsSteps.navigateToProductsPage()
  Then User  Enter product name as 'Tshirt' in search input and click search button # stepDefinations.ProductsSteps.userEntersProductNameAndClickSearch(java.lang.String)
  And Verify SEARCHED PRODUCTS is visible                                           # stepDefinations.ProductsSteps.verifySearchedProductsIsVisible()
  And Verify all the products related to search are visible                         # stepDefinations.ProductsSteps.verifyListOfSearchedProductsAreVisible()
]]></system-out>
    <system-err><![CDATA[Jul 29, 2024 1:43:40 PM org.openqa.selenium.remote.http.WebSocket$Listener onError
WARNING: Connection reset
java.net.SocketException: Connection reset
	at java.base/sun.nio.ch.SocketChannelImpl.throwConnectionReset(SocketChannelImpl.java:401)
	at java.base/sun.nio.ch.SocketChannelImpl.read(SocketChannelImpl.java:434)
	at java.net.http/jdk.internal.net.http.SocketTube.readAvailable(SocketTube.java:1178)
	at java.net.http/jdk.internal.net.http.SocketTube$InternalReadPublisher$InternalReadSubscription.read(SocketTube.java:841)
	at java.net.http/jdk.internal.net.http.SocketTube$SocketFlowTask.run(SocketTube.java:181)
	at java.net.http/jdk.internal.net.http.common.SequentialScheduler$SchedulableTask.run(SequentialScheduler.java:207)
	at java.net.http/jdk.internal.net.http.common.SequentialScheduler.runOrSchedule(SequentialScheduler.java:280)
	at java.net.http/jdk.internal.net.http.common.SequentialScheduler.runOrSchedule(SequentialScheduler.java:233)
	at java.net.http/jdk.internal.net.http.SocketTube$InternalReadPublisher$InternalReadSubscription.signalReadable(SocketTube.java:782)
	at java.net.http/jdk.internal.net.http.SocketTube$InternalReadPublisher$ReadEvent.signalEvent(SocketTube.java:965)
	at java.net.http/jdk.internal.net.http.SocketTube$SocketFlowEvent.handle(SocketTube.java:253)
	at java.net.http/jdk.internal.net.http.HttpClientImpl$SelectorManager.handleEvent(HttpClientImpl.java:1467)
	at java.net.http/jdk.internal.net.http.HttpClientImpl$SelectorManager.lambda$run$3(HttpClientImpl.java:1412)
	at java.base/java.util.ArrayList.forEach(ArrayList.java:1596)
	at java.net.http/jdk.internal.net.http.HttpClientImpl$SelectorManager.run(HttpClientImpl.java:1412)

]]></system-err>
  </testcase>
  <testcase name="Verify New User Registration" classname="Register User" time="27.584">
    <system-out><![CDATA[
Scenario: Verify New User Registration                                 # Features/Registration.feature:3
  Given The user navigate to login page                                # stepDefinations.LoginSteps.the_user_navigate_to_login_page()
  Then Verify New User Signup! is visible                              # stepDefinations.RegisteruserSteps.verifyUserSignupText()
  When User enters name and email address and clicks on sign up button # stepDefinations.RegisteruserSteps.entersNameAndEmail()
  Then Verify that ENTER ACCOUNT INFORMATION is visible                # stepDefinations.RegisteruserSteps.verifyEnterAccountInformation()
  When User fills registration form                                    # stepDefinations.RegisteruserSteps.setRegistrationForm()
  And clicks on create account button                                  # stepDefinations.RegisteruserSteps.clickCreateAccountButton()
  Then Verify that ACCOUNT CREATED! is visible                         # stepDefinations.RegisteruserSteps.verifyAccountCreated()
  When click on continue button                                        # stepDefinations.RegisteruserSteps.clickContinueButton()
iGqtg
  Then Verify that Logged in as username is visible                    # stepDefinations.RegisteruserSteps.verifyLoggedInAsUsername()
  When Click Delete Account button                                     # stepDefinations.RegisteruserSteps.clickDeleteAccountButton()
  Then Verify that ACCOUNT DELETED! is visible                         # stepDefinations.RegisteruserSteps.verifyAccountDeleted()
  When click Continue button                                           # stepDefinations.RegisteruserSteps.clickDeleteContinueButton()
]]></system-out>
    <system-err><![CDATA[Jul 29, 2024 1:44:07 PM org.openqa.selenium.remote.http.WebSocket$Listener onError
WARNING: Connection reset
java.net.SocketException: Connection reset
	at java.base/sun.nio.ch.SocketChannelImpl.throwConnectionReset(SocketChannelImpl.java:401)
	at java.base/sun.nio.ch.SocketChannelImpl.read(SocketChannelImpl.java:434)
	at java.net.http/jdk.internal.net.http.SocketTube.readAvailable(SocketTube.java:1178)
	at java.net.http/jdk.internal.net.http.SocketTube$InternalReadPublisher$InternalReadSubscription.read(SocketTube.java:841)
	at java.net.http/jdk.internal.net.http.SocketTube$SocketFlowTask.run(SocketTube.java:181)
	at java.net.http/jdk.internal.net.http.common.SequentialScheduler$SchedulableTask.run(SequentialScheduler.java:207)
	at java.net.http/jdk.internal.net.http.common.SequentialScheduler.runOrSchedule(SequentialScheduler.java:280)
	at java.net.http/jdk.internal.net.http.common.SequentialScheduler.runOrSchedule(SequentialScheduler.java:233)
	at java.net.http/jdk.internal.net.http.SocketTube$InternalReadPublisher$InternalReadSubscription.signalReadable(SocketTube.java:782)
	at java.net.http/jdk.internal.net.http.SocketTube$InternalReadPublisher$ReadEvent.signalEvent(SocketTube.java:965)
	at java.net.http/jdk.internal.net.http.SocketTube$SocketFlowEvent.handle(SocketTube.java:253)
	at java.net.http/jdk.internal.net.http.HttpClientImpl$SelectorManager.handleEvent(HttpClientImpl.java:1467)
	at java.net.http/jdk.internal.net.http.HttpClientImpl$SelectorManager.lambda$run$3(HttpClientImpl.java:1412)
	at java.base/java.util.ArrayList.forEach(ArrayList.java:1596)
	at java.net.http/jdk.internal.net.http.HttpClientImpl$SelectorManager.run(HttpClientImpl.java:1412)

]]></system-err>
  </testcase>
  <testcase name="Register with existing email" classname="Register User" time="10.476">
    <system-out><![CDATA[
Scenario: Register with existing email                                                             # Features/Registration.feature:17
  Given The user navigate to login page                                                            # stepDefinations.LoginSteps.the_user_navigate_to_login_page()
  Then Verify New User Signup! is visible                                                          # stepDefinations.RegisteruserSteps.verifyUserSignupText()
  When User enters name and existing email address as "aks@gmail.com" and clicks on sign up button # stepDefinations.RegisteruserSteps.enterNameAndExistingEmail(java.lang.String)
  Then Verify error Email Address already exist! is visible                                        # stepDefinations.RegisteruserSteps.verifyErrorMessageEmailAlreadyExist()
]]></system-out>
    <system-err><![CDATA[Jul 29, 2024 1:44:18 PM org.openqa.selenium.remote.http.WebSocket$Listener onError
WARNING: Connection reset
java.net.SocketException: Connection reset
	at java.base/sun.nio.ch.SocketChannelImpl.throwConnectionReset(SocketChannelImpl.java:401)
	at java.base/sun.nio.ch.SocketChannelImpl.read(SocketChannelImpl.java:434)
	at java.net.http/jdk.internal.net.http.SocketTube.readAvailable(SocketTube.java:1178)
	at java.net.http/jdk.internal.net.http.SocketTube$InternalReadPublisher$InternalReadSubscription.read(SocketTube.java:841)
	at java.net.http/jdk.internal.net.http.SocketTube$SocketFlowTask.run(SocketTube.java:181)
	at java.net.http/jdk.internal.net.http.common.SequentialScheduler$SchedulableTask.run(SequentialScheduler.java:207)
	at java.net.http/jdk.internal.net.http.common.SequentialScheduler.runOrSchedule(SequentialScheduler.java:280)
	at java.net.http/jdk.internal.net.http.common.SequentialScheduler.runOrSchedule(SequentialScheduler.java:233)
	at java.net.http/jdk.internal.net.http.SocketTube$InternalReadPublisher$InternalReadSubscription.signalReadable(SocketTube.java:782)
	at java.net.http/jdk.internal.net.http.SocketTube$InternalReadPublisher$ReadEvent.signalEvent(SocketTube.java:965)
	at java.net.http/jdk.internal.net.http.SocketTube$SocketFlowEvent.handle(SocketTube.java:253)
	at java.net.http/jdk.internal.net.http.HttpClientImpl$SelectorManager.handleEvent(HttpClientImpl.java:1467)
	at java.net.http/jdk.internal.net.http.HttpClientImpl$SelectorManager.lambda$run$3(HttpClientImpl.java:1412)
	at java.base/java.util.ArrayList.forEach(ArrayList.java:1596)
	at java.net.http/jdk.internal.net.http.HttpClientImpl$SelectorManager.run(HttpClientImpl.java:1412)

]]></system-err>
  </testcase>
  <testcase name="Verify test case page" classname="Verify test case page" time="11.156">
    <system-out><![CDATA[
@regression
Scenario: Verify test case page                                 # Features/TestCase.feature:4
  When User navigate to Test Case page                          # stepDefinations.TestCaseSteps.userNavigateToTestCase()
  Then Verify user is navigated to test cases page successfully # stepDefinations.TestCaseSteps.verify_user_is_navigated_to_test_cases_page_successfully()
]]></system-out>
    <system-err><![CDATA[Jul 29, 2024 1:44:29 PM org.openqa.selenium.remote.http.WebSocket$Listener onError
WARNING: Connection reset
java.net.SocketException: Connection reset
	at java.base/sun.nio.ch.SocketChannelImpl.throwConnectionReset(SocketChannelImpl.java:401)
	at java.base/sun.nio.ch.SocketChannelImpl.read(SocketChannelImpl.java:434)
	at java.net.http/jdk.internal.net.http.SocketTube.readAvailable(SocketTube.java:1178)
	at java.net.http/jdk.internal.net.http.SocketTube$InternalReadPublisher$InternalReadSubscription.read(SocketTube.java:841)
	at java.net.http/jdk.internal.net.http.SocketTube$SocketFlowTask.run(SocketTube.java:181)
	at java.net.http/jdk.internal.net.http.common.SequentialScheduler$SchedulableTask.run(SequentialScheduler.java:207)
	at java.net.http/jdk.internal.net.http.common.SequentialScheduler.runOrSchedule(SequentialScheduler.java:280)
	at java.net.http/jdk.internal.net.http.common.SequentialScheduler.runOrSchedule(SequentialScheduler.java:233)
	at java.net.http/jdk.internal.net.http.SocketTube$InternalReadPublisher$InternalReadSubscription.signalReadable(SocketTube.java:782)
	at java.net.http/jdk.internal.net.http.SocketTube$InternalReadPublisher$ReadEvent.signalEvent(SocketTube.java:965)
	at java.net.http/jdk.internal.net.http.SocketTube$SocketFlowEvent.handle(SocketTube.java:253)
	at java.net.http/jdk.internal.net.http.HttpClientImpl$SelectorManager.handleEvent(HttpClientImpl.java:1467)
	at java.net.http/jdk.internal.net.http.HttpClientImpl$SelectorManager.lambda$run$3(HttpClientImpl.java:1412)
	at java.base/java.util.ArrayList.forEach(ArrayList.java:1596)
	at java.net.http/jdk.internal.net.http.HttpClientImpl$SelectorManager.run(HttpClientImpl.java:1412)

]]></system-err>
  </testcase>
  <testcase name="" classname="testRunner.TestRunner" time="24.041">
    <error message="java.io.IOException: HTTP request failed:&#10;&gt; PUT https://cucumber-messages-app-s3bucket-61aropwgu4ox.s3.eu-west-3.amazonaws.com/reports/5bfb4dc0-7579-42da-9dea-4510534f4082?X-Amz-Algorithm=AWS4-HMAC-SHA256&amp;X-Amz-Credential=ASIAWE4HTFKNYJIPS5DX%2F20240730%2Feu-west-3%2Fs3%2Faws4_request&amp;X-Amz-Date=20240730T081509Z&amp;X-Amz-Expires=900&amp;X-Amz-Security-Token=IQoJb3JpZ2luX2VjEFcaCWV1LXdlc3QtMyJHMEUCIB9PboaDVPzhOPcBaGu1pQBE5sgVOkC7b%2B%2FoVYlzTeS7AiEA19VxfEHYQA%2Ffb2pwxsXmrIy0LwHYLV%2FYlmMhpLRPWTsqvQMIQBADGgw0MjI4MDE3NzkzNTUiDJtSefLGbSOkELHxHyqaA5hP7m4r2qXwlnYkJsRWDS%2BePUGx3tK6zDL4y6w7xKtLJrm0IavLQ%2FMPB0%2F%2FS7uv0%2FI6SVCoYnMDcfLbq8Sfz7LDAYGDNWYVAcUBklbQRXi%2Ff6eranfbU9ftILobCeWUdiM2P7aUoP2YefrqK8tURUekIRclYIOST%2FZTEriXH9uodNl%2BlOektTYXlnkGwLR7%2Bz50TVZqJSy5UuRhCLlbhW5RRDctH6COCV2cuQ%2Bg9V%2FB0%2Fwwf%2FjMGvMmLpNQrrzhCyfWg5wy%2F0fTNbOC9yaQcc%2F2JVnMXNoekK2YzfcWB7utnW3jDj9afE3x%2Bqv4bPlI5HGiei0W3f03sYtdOZQQRS0VXT2fGDVqzSjdxM7MCQda0lW8EcA3pJdQYM3hlnSv%2Fgmwhu2mVa9d9bsEtqloFOypHuStucddNqgfygvPyDCTAPE%2FyrD8LJstnf0vszOi17An2ApfKmcvQsEBgN%2FNAJY11OtiBC0QHwsT5JCFFpncR%2BrQe4ZYmwRRcDZ%2BmmfJQCKjHZf2%2BrPLUJg%2BJihJEmufVm4UB52fH%2B2FMKuiorUGOp4Buq1QdeAHNRtoOom5138lH%2BHOpiRvMrrhvFiRIgmZboJdSCVFhzld9XSlPhfAuyr8sjiPvTwatKwUvBrHv0z9PjumAS1yLEmIEMI2T4t2CRYlO1Sbo2zwEWr1KXixZKlyT%2B5A5Z4%2F6c%2B5z14LVassoKnjXEuuzx2gkKbltHs4d6f7nKnITyUCzkQdOh4Hun2YRumajXnCXeIyJwMhDvM%3D&amp;X-Amz-Signature=cbf56fb45f5950e97224430600627614f350e55a703d9cdba0da64461546eff0&amp;X-Amz-SignedHeaders=host&#10;&#10;" type="java.lang.IllegalStateException"><![CDATA[java.lang.IllegalStateException: 
java.io.IOException: HTTP request failed:
> PUT https://cucumber-messages-app-s3bucket-61aropwgu4ox.s3.eu-west-3.amazonaws.com/reports/5bfb4dc0-7579-42da-9dea-4510534f4082?X-Amz-Algorithm=AWS4-HMAC-SHA256&X-Amz-Credential=ASIAWE4HTFKNYJIPS5DX%2F20240730%2Feu-west-3%2Fs3%2Faws4_request&X-Amz-Date=20240730T081509Z&X-Amz-Expires=900&X-Amz-Security-Token=IQoJb3JpZ2luX2VjEFcaCWV1LXdlc3QtMyJHMEUCIB9PboaDVPzhOPcBaGu1pQBE5sgVOkC7b%2B%2FoVYlzTeS7AiEA19VxfEHYQA%2Ffb2pwxsXmrIy0LwHYLV%2FYlmMhpLRPWTsqvQMIQBADGgw0MjI4MDE3NzkzNTUiDJtSefLGbSOkELHxHyqaA5hP7m4r2qXwlnYkJsRWDS%2BePUGx3tK6zDL4y6w7xKtLJrm0IavLQ%2FMPB0%2F%2FS7uv0%2FI6SVCoYnMDcfLbq8Sfz7LDAYGDNWYVAcUBklbQRXi%2Ff6eranfbU9ftILobCeWUdiM2P7aUoP2YefrqK8tURUekIRclYIOST%2FZTEriXH9uodNl%2BlOektTYXlnkGwLR7%2Bz50TVZqJSy5UuRhCLlbhW5RRDctH6COCV2cuQ%2Bg9V%2FB0%2Fwwf%2FjMGvMmLpNQrrzhCyfWg5wy%2F0fTNbOC9yaQcc%2F2JVnMXNoekK2YzfcWB7utnW3jDj9afE3x%2Bqv4bPlI5HGiei0W3f03sYtdOZQQRS0VXT2fGDVqzSjdxM7MCQda0lW8EcA3pJdQYM3hlnSv%2Fgmwhu2mVa9d9bsEtqloFOypHuStucddNqgfygvPyDCTAPE%2FyrD8LJstnf0vszOi17An2ApfKmcvQsEBgN%2FNAJY11OtiBC0QHwsT5JCFFpncR%2BrQe4ZYmwRRcDZ%2BmmfJQCKjHZf2%2BrPLUJg%2BJihJEmufVm4UB52fH%2B2FMKuiorUGOp4Buq1QdeAHNRtoOom5138lH%2BHOpiRvMrrhvFiRIgmZboJdSCVFhzld9XSlPhfAuyr8sjiPvTwatKwUvBrHv0z9PjumAS1yLEmIEMI2T4t2CRYlO1Sbo2zwEWr1KXixZKlyT%2B5A5Z4%2F6c%2B5z14LVassoKnjXEuuzx2gkKbltHs4d6f7nKnITyUCzkQdOh4Hun2YRumajXnCXeIyJwMhDvM%3D&X-Amz-Signature=cbf56fb45f5950e97224430600627614f350e55a703d9cdba0da64461546eff0&X-Amz-SignedHeaders=host


	at io.cucumber.core.plugin.MessageFormatter.write(MessageFormatter.java:37)
	at io.cucumber.core.eventbus.AbstractEventPublisher.send(AbstractEventPublisher.java:51)
	at io.cucumber.core.eventbus.AbstractEventBus.send(AbstractEventBus.java:12)
	at io.cucumber.core.runtime.SynchronizedEventBus.send(SynchronizedEventBus.java:47)
	at io.cucumber.core.runtime.CucumberExecutionContext.emitTestRunFinished(CucumberExecutionContext.java:124)
	at io.cucumber.core.runtime.CucumberExecutionContext.finishTestRun(CucumberExecutionContext.java:104)
	at io.cucumber.core.runtime.CucumberExecutionContext.runFeatures(CucumberExecutionContext.java:152)
	at io.cucumber.junit.Cucumber$StartAndFinishTestRun.evaluate(Cucumber.java:226)
	at org.junit.runners.ParentRunner$3.evaluate(ParentRunner.java:306)
	at org.junit.runners.ParentRunner.run(ParentRunner.java:413)
	at org.apache.maven.surefire.junit4.JUnit4Provider.execute(JUnit4Provider.java:316)
	at org.apache.maven.surefire.junit4.JUnit4Provider.executeWithRerun(JUnit4Provider.java:240)
	at org.apache.maven.surefire.junit4.JUnit4Provider.executeTestSet(JUnit4Provider.java:214)
	at org.apache.maven.surefire.junit4.JUnit4Provider.invoke(JUnit4Provider.java:155)
	at org.apache.maven.surefire.booter.ForkedBooter.runSuitesInProcess(ForkedBooter.java:385)
	at org.apache.maven.surefire.booter.ForkedBooter.execute(ForkedBooter.java:162)
	at org.apache.maven.surefire.booter.ForkedBooter.run(ForkedBooter.java:507)
	at org.apache.maven.surefire.booter.ForkedBooter.main(ForkedBooter.java:495)
Caused by: java.io.IOException: HTTP request failed:
> PUT https://cucumber-messages-app-s3bucket-61aropwgu4ox.s3.eu-west-3.amazonaws.com/reports/5bfb4dc0-7579-42da-9dea-4510534f4082?X-Amz-Algorithm=AWS4-HMAC-SHA256&X-Amz-Credential=ASIAWE4HTFKNYJIPS5DX%2F20240730%2Feu-west-3%2Fs3%2Faws4_request&X-Amz-Date=20240730T081509Z&X-Amz-Expires=900&X-Amz-Security-Token=IQoJb3JpZ2luX2VjEFcaCWV1LXdlc3QtMyJHMEUCIB9PboaDVPzhOPcBaGu1pQBE5sgVOkC7b%2B%2FoVYlzTeS7AiEA19VxfEHYQA%2Ffb2pwxsXmrIy0LwHYLV%2FYlmMhpLRPWTsqvQMIQBADGgw0MjI4MDE3NzkzNTUiDJtSefLGbSOkELHxHyqaA5hP7m4r2qXwlnYkJsRWDS%2BePUGx3tK6zDL4y6w7xKtLJrm0IavLQ%2FMPB0%2F%2FS7uv0%2FI6SVCoYnMDcfLbq8Sfz7LDAYGDNWYVAcUBklbQRXi%2Ff6eranfbU9ftILobCeWUdiM2P7aUoP2YefrqK8tURUekIRclYIOST%2FZTEriXH9uodNl%2BlOektTYXlnkGwLR7%2Bz50TVZqJSy5UuRhCLlbhW5RRDctH6COCV2cuQ%2Bg9V%2FB0%2Fwwf%2FjMGvMmLpNQrrzhCyfWg5wy%2F0fTNbOC9yaQcc%2F2JVnMXNoekK2YzfcWB7utnW3jDj9afE3x%2Bqv4bPlI5HGiei0W3f03sYtdOZQQRS0VXT2fGDVqzSjdxM7MCQda0lW8EcA3pJdQYM3hlnSv%2Fgmwhu2mVa9d9bsEtqloFOypHuStucddNqgfygvPyDCTAPE%2FyrD8LJstnf0vszOi17An2ApfKmcvQsEBgN%2FNAJY11OtiBC0QHwsT5JCFFpncR%2BrQe4ZYmwRRcDZ%2BmmfJQCKjHZf2%2BrPLUJg%2BJihJEmufVm4UB52fH%2B2FMKuiorUGOp4Buq1QdeAHNRtoOom5138lH%2BHOpiRvMrrhvFiRIgmZboJdSCVFhzld9XSlPhfAuyr8sjiPvTwatKwUvBrHv0z9PjumAS1yLEmIEMI2T4t2CRYlO1Sbo2zwEWr1KXixZKlyT%2B5A5Z4%2F6c%2B5z14LVassoKnjXEuuzx2gkKbltHs4d6f7nKnITyUCzkQdOh4Hun2YRumajXnCXeIyJwMhDvM%3D&X-Amz-Signature=cbf56fb45f5950e97224430600627614f350e55a703d9cdba0da64461546eff0&X-Amz-SignedHeaders=host


	at io.cucumber.core.plugin.UrlOutputStream.createCurlLikeException(UrlOutputStream.java:150)
	at io.cucumber.core.plugin.UrlOutputStream.sendRequestBody(UrlOutputStream.java:116)
	at io.cucumber.core.plugin.UrlOutputStream.sendRequest(UrlOutputStream.java:94)
	at io.cucumber.core.plugin.UrlOutputStream.sendRequest(UrlOutputStream.java:90)
	at io.cucumber.core.plugin.UrlOutputStream.close(UrlOutputStream.java:65)
	at java.base/sun.nio.cs.StreamEncoder.implClose(StreamEncoder.java:439)
	at java.base/sun.nio.cs.StreamEncoder.lockedClose(StreamEncoder.java:237)
	at java.base/sun.nio.cs.StreamEncoder.close(StreamEncoder.java:222)
	at java.base/java.io.OutputStreamWriter.close(OutputStreamWriter.java:266)
	at io.cucumber.messages.MessageToNdjsonWriter.close(MessageToNdjsonWriter.java:40)
	at io.cucumber.core.plugin.MessageFormatter.write(MessageFormatter.java:35)
	... 17 more
Caused by: java.net.UnknownHostException: cucumber-messages-app-s3bucket-61aropwgu4ox.s3.eu-west-3.amazonaws.com
	at java.base/sun.nio.ch.NioSocketImpl.connect(NioSocketImpl.java:567)
	at java.base/java.net.SocksSocketImpl.connect(SocksSocketImpl.java:327)
	at java.base/java.net.Socket.connect(Socket.java:751)
	at java.base/sun.security.ssl.SSLSocketImpl.connect(SSLSocketImpl.java:304)
	at java.base/sun.security.ssl.BaseSSLSocketImpl.connect(BaseSSLSocketImpl.java:181)
	at java.base/sun.net.NetworkClient.doConnect(NetworkClient.java:183)
	at java.base/sun.net.www.http.HttpClient.openServer(HttpClient.java:531)
	at java.base/sun.net.www.http.HttpClient.openServer(HttpClient.java:636)
	at java.base/sun.net.www.protocol.https.HttpsClient.<init>(HttpsClient.java:264)
	at java.base/sun.net.www.protocol.https.HttpsClient.New(HttpsClient.java:377)
	at java.base/sun.net.www.protocol.https.AbstractDelegateHttpsURLConnection.getNewHttpClient(AbstractDelegateHttpsURLConnection.java:193)
	at java.base/sun.net.www.protocol.http.HttpURLConnection.plainConnect0(HttpURLConnection.java:1282)
	at java.base/sun.net.www.protocol.http.HttpURLConnection.plainConnect(HttpURLConnection.java:1123)
	at java.base/sun.net.www.protocol.https.AbstractDelegateHttpsURLConnection.connect(AbstractDelegateHttpsURLConnection.java:179)
	at java.base/sun.net.www.protocol.http.HttpURLConnection.getOutputStream0(HttpURLConnection.java:1446)
	at java.base/sun.net.www.protocol.http.HttpURLConnection.getOutputStream(HttpURLConnection.java:1417)
	at java.base/sun.net.www.protocol.https.HttpsURLConnectionImpl.getOutputStream(HttpsURLConnectionImpl.java:219)
	at io.cucumber.core.plugin.UrlOutputStream.sendRequestBody(UrlOutputStream.java:111)
	... 26 more
]]></error>
  </testcase>
</testsuite>