<?xml version="1.0" encoding="UTF-8"?>
<testsuite xmlns:xsi="http://www.w3.org/2001/XMLSchema-instance" xsi:noNamespaceSchemaLocation="https://maven.apache.org/surefire/maven-surefire-plugin/xsd/surefire-test-report-3.0.xsd" version="3.0" name="testRunner.TestRunner" time="88.407" tests="3" errors="0" skipped="0" failures="0">
  <properties>
[...]
</properties>
  <testcase name="Log in with valid credentials" classname="Log in" time="35.597">
    <system-out><![CDATA[
Scenario: Log in with valid credentials                               # Features/Login.feature:3
  Given The user navigate to login page                               # stepDefinations.LoginSteps.the_user_navigate_to_login_page()
  When user enter email as "aks@gmail.com" and password as "@Kshay12" # stepDefinations.LoginSteps.user_enter_email_as_and_password_as(java.lang.String,java.lang.String)
  And user clicks on log in                                           # stepDefinations.LoginSteps.user_clicks_on_log_in()
  Then logged in username should be displayed and click on logout     # stepDefinations.LoginSteps.logged_in_username_should_be_displayed()
]]></system-out>
    <system-err><![CDATA[Jul 26, 2024 6:47:48 PM org.openqa.selenium.remote.http.WebSocket$Listener onError
WARNING: Connection reset
java.net.SocketException: Connection reset
	at java.base/sun.nio.ch.SocketChannelImpl.throwConnectionReset(SocketChannelImpl.java:403)
	at java.base/sun.nio.ch.SocketChannelImpl.implRead(SocketChannelImpl.java:435)
	at java.base/sun.nio.ch.SocketChannelImpl.read(SocketChannelImpl.java:493)
	at java.net.http/jdk.internal.net.http.SocketTube.readAvailable(SocketTube.java:1178)
	at java.net.http/jdk.internal.net.http.SocketTube$InternalReadPublisher$InternalReadSubscription.read(SocketTube.java:841)
	at java.net.http/jdk.internal.net.http.SocketTube$SocketFlowTask.run(SocketTube.java:181)
	at java.net.http/jdk.internal.net.http.common.SequentialScheduler$SchedulableTask.run(SequentialScheduler.java:207)
	at java.net.http/jdk.internal.net.http.common.SequentialScheduler.runOrSchedule(SequentialScheduler.java:280)
	at java.net.http/jdk.internal.net.http.common.SequentialScheduler.runOrSchedule(SequentialScheduler.java:233)
	at java.net.http/jdk.internal.net.http.SocketTube$InternalReadPublisher$InternalReadSubscription.signalReadable(SocketTube.java:782)
	at java.net.http/jdk.internal.net.http.SocketTube$InternalReadPublisher$ReadEvent.signalEvent(SocketTube.java:965)
	at java.net.http/jdk.internal.net.http.SocketTube$SocketFlowEvent.handle(SocketTube.java:253)
	at java.net.http/jdk.internal.net.http.HttpClientImpl$SelectorManager.handleEvent(HttpClientImpl.java:1476)
	at java.net.http/jdk.internal.net.http.HttpClientImpl$SelectorManager.lambda$run$3(HttpClientImpl.java:1421)
	at java.base/java.util.ArrayList.forEach(ArrayList.java:1597)
	at java.net.http/jdk.internal.net.http.HttpClientImpl$SelectorManager.run(HttpClientImpl.java:1421)

]]></system-err>
  </testcase>
  <testcase name="Verify New User Registration" classname="Register User" time="18.63">
    <system-out><![CDATA[
Scenario: Verify New User Registration                                 # Features/Registration.feature:3
  Given The user navigate to login page                                # stepDefinations.LoginSteps.the_user_navigate_to_login_page()
  Then Verify New User Signup! is visible                              # stepDefinations.RegisteruserSteps.verifyUserSignupText()
  When User enters name and email address and clicks on sign up button # stepDefinations.RegisteruserSteps.entersNameAndEmail()
  Then Verify that ENTER ACCOUNT INFORMATION is visible                # stepDefinations.RegisteruserSteps.verifyEnterAccountInformation()
  When User fills registration form                                    # stepDefinations.RegisteruserSteps.setRegistrationForm()
  And clicks on create account button                                  # stepDefinations.RegisteruserSteps.clickCreateAccountButton()
  Then Verify that ACCOUNT CREATED! is visible                         # stepDefinations.RegisteruserSteps.verifyAccountCreated()
  When click on continue button                                        # stepDefinations.RegisteruserSteps.clickContinueButton()
njRmy
  Then Verify that Logged in as username is visible                    # stepDefinations.RegisteruserSteps.verifyLoggedInAsUsername()
  When Click Delete Account button                                     # stepDefinations.RegisteruserSteps.clickDeleteAccountButton()
  Then Verify that ACCOUNT DELETED! is visible                         # stepDefinations.RegisteruserSteps.verifyAccountDeleted()
  When click Continue button                                           # stepDefinations.RegisteruserSteps.clickDeleteContinueButton()
]]></system-out>
    <system-err><![CDATA[Jul 26, 2024 6:48:07 PM org.openqa.selenium.remote.http.WebSocket$Listener onError
WARNING: Connection reset
java.net.SocketException: Connection reset
	at java.base/sun.nio.ch.SocketChannelImpl.throwConnectionReset(SocketChannelImpl.java:403)
	at java.base/sun.nio.ch.SocketChannelImpl.implRead(SocketChannelImpl.java:435)
	at java.base/sun.nio.ch.SocketChannelImpl.read(SocketChannelImpl.java:493)
	at java.net.http/jdk.internal.net.http.SocketTube.readAvailable(SocketTube.java:1178)
	at java.net.http/jdk.internal.net.http.SocketTube$InternalReadPublisher$InternalReadSubscription.read(SocketTube.java:841)
	at java.net.http/jdk.internal.net.http.SocketTube$SocketFlowTask.run(SocketTube.java:181)
	at java.net.http/jdk.internal.net.http.common.SequentialScheduler$SchedulableTask.run(SequentialScheduler.java:207)
	at java.net.http/jdk.internal.net.http.common.SequentialScheduler.runOrSchedule(SequentialScheduler.java:280)
	at java.net.http/jdk.internal.net.http.common.SequentialScheduler.runOrSchedule(SequentialScheduler.java:233)
	at java.net.http/jdk.internal.net.http.SocketTube$InternalReadPublisher$InternalReadSubscription.signalReadable(SocketTube.java:782)
	at java.net.http/jdk.internal.net.http.SocketTube$InternalReadPublisher$ReadEvent.signalEvent(SocketTube.java:965)
	at java.net.http/jdk.internal.net.http.SocketTube$SocketFlowEvent.handle(SocketTube.java:253)
	at java.net.http/jdk.internal.net.http.HttpClientImpl$SelectorManager.handleEvent(HttpClientImpl.java:1476)
	at java.net.http/jdk.internal.net.http.HttpClientImpl$SelectorManager.lambda$run$3(HttpClientImpl.java:1421)
	at java.base/java.util.ArrayList.forEach(ArrayList.java:1597)
	at java.net.http/jdk.internal.net.http.HttpClientImpl$SelectorManager.run(HttpClientImpl.java:1421)

]]></system-err>
  </testcase>
  <testcase name="Register with existing email" classname="Register User" time="30.225">
    <system-out><![CDATA[
Scenario: Register with existing email                                                             # Features/Registration.feature:17
  Given The user navigate to login page                                                            # stepDefinations.LoginSteps.the_user_navigate_to_login_page()
  Then Verify New User Signup! is visible                                                          # stepDefinations.RegisteruserSteps.verifyUserSignupText()
  When User enters name and existing email address as "aks@gmail.com" and clicks on sign up button # stepDefinations.RegisteruserSteps.enterNameAndExistingEmail(java.lang.String)
  Then Verify error Email Address already exist! is visible                                        # stepDefinations.RegisteruserSteps.verifyErrorMessageEmailAlreadyExist()
]]></system-out>
    <system-err><![CDATA[Jul 26, 2024 6:48:37 PM org.openqa.selenium.remote.http.WebSocket$Listener onError
WARNING: Connection reset
java.net.SocketException: Connection reset
	at java.base/sun.nio.ch.SocketChannelImpl.throwConnectionReset(SocketChannelImpl.java:403)
	at java.base/sun.nio.ch.SocketChannelImpl.implRead(SocketChannelImpl.java:435)
	at java.base/sun.nio.ch.SocketChannelImpl.read(SocketChannelImpl.java:493)
	at java.net.http/jdk.internal.net.http.SocketTube.readAvailable(SocketTube.java:1178)
	at java.net.http/jdk.internal.net.http.SocketTube$InternalReadPublisher$InternalReadSubscription.read(SocketTube.java:841)
	at java.net.http/jdk.internal.net.http.SocketTube$SocketFlowTask.run(SocketTube.java:181)
	at java.net.http/jdk.internal.net.http.common.SequentialScheduler$SchedulableTask.run(SequentialScheduler.java:207)
	at java.net.http/jdk.internal.net.http.common.SequentialScheduler.runOrSchedule(SequentialScheduler.java:280)
	at java.net.http/jdk.internal.net.http.common.SequentialScheduler.runOrSchedule(SequentialScheduler.java:233)
	at java.net.http/jdk.internal.net.http.SocketTube$InternalReadPublisher$InternalReadSubscription.signalReadable(SocketTube.java:782)
	at java.net.http/jdk.internal.net.http.SocketTube$InternalReadPublisher$ReadEvent.signalEvent(SocketTube.java:965)
	at java.net.http/jdk.internal.net.http.SocketTube$SocketFlowEvent.handle(SocketTube.java:253)
	at java.net.http/jdk.internal.net.http.HttpClientImpl$SelectorManager.handleEvent(HttpClientImpl.java:1476)
	at java.net.http/jdk.internal.net.http.HttpClientImpl$SelectorManager.lambda$run$3(HttpClientImpl.java:1421)
	at java.base/java.util.ArrayList.forEach(ArrayList.java:1597)
	at java.net.http/jdk.internal.net.http.HttpClientImpl$SelectorManager.run(HttpClientImpl.java:1421)

]]></system-err>
  </testcase>
</testsuite>